================================================================================
  Omega Ratio Portfolio Optimization (Long-Only) - Gurobi
  Window: 1200d (1200 periods)
================================================================================
開始時間: 2026-03-24 12:13:13

載入數據: datasets/russell3000/us_stocks_30y_daily_returns.csv
數據形狀: (7547, 1677) (7547 期 × 1677 股票)

模型參數:
  股票數: 1677
  買入範圍: [0.01, 0.4]
  最低回報: 0.0001
  時間限制: 1800s
  執行緒: 19

測試單期 (period 0)...

Set parameter LicenseID to value 2787587
Academic license - for non-commercial use only

================================================================================
結果
================================================================================
狀態: TimeLimit
求解時間: 1800.05s
建模時間: 0.01s
變數: 7909 (整數: 1677)
約束: 4557

✓ 找到可行解
Omega: -0.00051630
回報率: 0.001539
資產數: 63
最大權重: 0.0469
MIP Gap: 1.2113%
節點數: 160432

完成時間: 2026-03-24 12:43:17
================================================================================
